mode: set
bpfexporter/controllers/bpfexporter_controller.go:56.103,61.69 3 0
bpfexporter/controllers/bpfexporter_controller.go:72.2,72.47 1 0
bpfexporter/controllers/bpfexporter_controller.go:76.2,76.49 1 0
bpfexporter/controllers/bpfexporter_controller.go:61.69,62.29 1 0
bpfexporter/controllers/bpfexporter_controller.go:68.3,68.28 1 0
bpfexporter/controllers/bpfexporter_controller.go:62.29,67.4 2 0
bpfexporter/controllers/bpfexporter_controller.go:72.47,74.3 1 0
bpfexporter/controllers/bpfexporter_controller.go:82.74,86.2 1 0
bpfexporter/controllers/bpfexporter_controller.go:88.142,92.47 3 0
bpfexporter/controllers/bpfexporter_controller.go:118.2,118.62 1 0
bpfexporter/controllers/bpfexporter_controller.go:127.2,127.27 1 0
bpfexporter/controllers/bpfexporter_controller.go:92.47,94.25 2 0
bpfexporter/controllers/bpfexporter_controller.go:108.28,110.36 1 0
bpfexporter/controllers/bpfexporter_controller.go:112.11,113.63 1 0
bpfexporter/controllers/bpfexporter_controller.go:118.62,120.30 2 0
bpfexporter/controllers/bpfexporter_controller.go:121.20,122.40 1 0
bpfexporter/controllers/bpfexporter_controller.go:123.11,124.63 1 0
bpfexporter/controllers/bpfexporter_controller.go:130.118,133.2 2 0
