mode: set
bpfexporter/controllers/bpfexporter_controller.go:56.103,61.69 3 0
bpfexporter/controllers/bpfexporter_controller.go:72.2,72.47 1 0
bpfexporter/controllers/bpfexporter_controller.go:76.2,76.49 1 0
bpfexporter/controllers/bpfexporter_controller.go:61.69,62.29 1 0
bpfexporter/controllers/bpfexporter_controller.go:68.3,68.28 1 0
bpfexporter/controllers/bpfexporter_controller.go:62.29,67.4 2 0
bpfexporter/controllers/bpfexporter_controller.go:72.47,74.3 1 0
bpfexporter/controllers/bpfexporter_controller.go:82.74,86.2 1 0
bpfexporter/controllers/bpfexporter_controller.go:88.142,120.62 3 0
bpfexporter/controllers/bpfexporter_controller.go:129.2,129.27 1 0
bpfexporter/controllers/bpfexporter_controller.go:120.62,122.30 2 0
bpfexporter/controllers/bpfexporter_controller.go:123.20,124.40 1 0
bpfexporter/controllers/bpfexporter_controller.go:125.11,126.63 1 0
bpfexporter/controllers/bpfexporter_controller.go:132.118,135.2 2 0
